<?xml version="1.0" encoding="UTF-8"?>
<!-- Generated by org.testng.reporters.JUnitReportReporter -->
<testsuite skipped="0" hostname="DESKTOP-K7L8TBA" name="com.testcases.LoginPageTest" tests="3" failures="0" timestamp="2020-01-19T11:41:24 EST" time="21.233" errors="0">
  <testcase name="login" time="9.122" classname="com.testcases.LoginPageTest"/>
  <testcase name="negativeLogin" time="6.280" classname="com.testcases.LoginPageTest"/>
  <testcase name="logo" time="5.831" classname="com.testcases.LoginPageTest"/>
</testsuite> <!-- com.testcases.LoginPageTest -->
